01100100010001010011011111001111
10100101110100001010010111101011
01010011000100100000010110101010
10100110011010100110101001010000
01100000010011101101101110010111
10100011100011011110000100101111
11110110000111000010000000100011
11010100111111111001001011011011
10100100011011101100000011010101
10010100000110011111100100101010
11001011000111101101111011100010
00110111101110000101100001010010
01100100110000110000010100000001
11011011011111010010011011010101
10001010100101100010101011100100
11110110001000101000010001110000
01011101100100010001000001110000
10110011011011011111100001101010
00111001111110101101000010101101
01111101001101100001010101011111
00101101101010000100111101010101
00000011000110010001000010110000
01110010111100001100100101011000
10000110001010000010010011011010
01000101001101110110111101111101
11111010011001000011011010010011
01011000101110110010000011101101
01001101011110101110001101001110
01110101001001000101100010000000
01001101100011110111101101000101
00111100001110100001000010010101
11101001011110100101110110010111
00011011011010110111001001010111
11010111100000001011001011100101
11100111000001100101100010100110
00101011010011011100010101000100
11001011001010101001011110110010
11111001100101010110011111101111
11000110000110000110111110101010
00000000111010011010100000001101
00000100100110101001000101010100
01011101100111001001100100111101
11001010010100110101111100111100
10011000011000010111101000011011
00111110111000011111001101011001
00010100101010001011100101110001
11101101001101110100001110110010
00011101010110001000110001001000
01111110001001101010010110111100
11111001101001010100110111111100
